<?xml version="1.0" encoding="UTF-8"?>
<!-- Generated by org.testng.reporters.JUnitReportReporter -->
<testsuite hostname="D-113030090" name="pom.testcases.verifyorangeapplogin" tests="1" failures="0" timestamp="8 Feb 2018 06:54:45 GMT" time="17.869" errors="0">
  <testcase name="verifylogin" time="17.869" classname="pom.testcases.verifyorangeapplogin"/>
</testsuite> <!-- pom.testcases.verifyorangeapplogin -->
