<?xml version="1.0" encoding="UTF-8"?>
<!-- Generated by org.testng.reporters.JUnitReportReporter -->
<testsuite skipped="0" hostname="D-113030090" name="grid.SeleniumGridfirefox" tests="1" failures="0" timestamp="06 Feb 2018 07:48:39 GMT" time="4.833" errors="0">
  <testcase name="simpleTest" time="4.833" classname="grid.SeleniumGridfirefox"/>
</testsuite> <!-- grid.SeleniumGridfirefox -->
