<?xml version="1.0" encoding="UTF-8"?>
<!-- Generated by org.testng.reporters.JUnitReportReporter -->
<testsuite skipped="0" hostname="D-113030090" name="testng_demo.MouseHover" tests="1" failures="0" timestamp="01 Feb 2018 07:48:34 GMT" time="16.338" errors="0">
  <testcase name="mouse" time="16.338" classname="testng_demo.MouseHover"/>
</testsuite> <!-- testng_demo.MouseHover -->
