<?xml version="1.0" encoding="UTF-8"?>
<!-- Generated by org.testng.reporters.JUnitReportReporter -->
<testsuite hostname="D-113030090" name="extentTestcases.Logs" tests="1" failures="0" timestamp="9 Feb 2018 06:37:00 GMT" time="0.015" errors="0">
  <testcase name="Logs_Generate" time="0.015" classname="extentTestcases.Logs"/>
</testsuite> <!-- extentTestcases.Logs -->
