<?xml version="1.0" encoding="UTF-8"?>
<!-- Generated by org.testng.reporters.JUnitReportReporter -->
<testsuite hostname="D-113030090" name="extentTestcases.TestCase_01" tests="2" failures="0" timestamp="9 Feb 2018 07:04:04 GMT" time="76.374" errors="0">
  <testcase name="Verify_HomePage" time="25.359" classname="extentTestcases.TestCase_01"/>
  <testcase name="SignIn" time="51.015" classname="extentTestcases.TestCase_01"/>
</testsuite> <!-- extentTestcases.TestCase_01 -->
