<?xml version="1.0" encoding="UTF-8"?>
<!-- Generated by org.testng.reporters.JUnitReportReporter -->
<testsuite skipped="0" hostname="D-113030090" name="testng.Basicdemo2" tests="3" failures="0" timestamp="01 Feb 2018 06:41:06 GMT" time="0.000" errors="0">
  <testcase name="Sendmail2" time="0.000" classname="testng.Basicdemo2"/>
  <testcase name="login2" time="0.000" classname="testng.Basicdemo2"/>
  <testcase name="compose2" time="0.000" classname="testng.Basicdemo2"/>
</testsuite> <!-- testng.Basicdemo2 -->
