<?xml version="1.0" encoding="UTF-8"?>
<!-- Generated by org.testng.reporters.JUnitReportReporter -->
<testsuite skipped="0" hostname="D-113030090" name="readexcel.ReadExceldemo1" tests="1" failures="0" timestamp="05 Feb 2018 06:59:29 GMT" time="2.265" errors="0">
  <testcase name="readdata" time="2.265" classname="readexcel.ReadExceldemo1"/>
</testsuite> <!-- readexcel.ReadExceldemo1 -->
