<?xml version="1.0" encoding="UTF-8"?>
<!-- Generated by org.testng.reporters.JUnitReportReporter -->
<testsuite skipped="0" hostname="D-113030090" name="testng_demo.clickAndHold1" tests="1" failures="0" timestamp="01 Feb 2018 07:48:34 GMT" time="16.733" errors="0">
  <testcase name="clickandhold" time="16.733" classname="testng_demo.clickAndHold1"/>
</testsuite> <!-- testng_demo.clickAndHold1 -->
