<?xml version="1.0" encoding="UTF-8"?>
<!-- Generated by org.testng.reporters.JUnitReportReporter -->
<testsuite hostname="D-113030090" name="aui.ClickAndHold" tests="1" failures="0" timestamp="7 Feb 2018 07:40:15 GMT" time="15.332" errors="0">
  <testcase name="click_and_Hold" time="15.332" classname="aui.ClickAndHold"/>
</testsuite> <!-- aui.ClickAndHold -->
