<?xml version="1.0" encoding="UTF-8"?>
<!-- Generated by org.testng.reporters.JUnitReportReporter -->
<testsuite hostname="D-113030090" name="extentTestcases.TestCase_02" tests="2" failures="0" timestamp="9 Feb 2018 07:04:04 GMT" time="28.420" errors="0">
  <testcase name="Verify_HomePage" time="9.552" classname="extentTestcases.TestCase_02"/>
  <testcase name="SignIn" time="18.868" classname="extentTestcases.TestCase_02"/>
</testsuite> <!-- extentTestcases.TestCase_02 -->
