<?xml version="1.0" encoding="UTF-8"?>
<!-- Generated by org.testng.reporters.JUnitReportReporter -->
<testsuite hostname="D-113030090" name="extentTestcases.TestCase_03" tests="2" failures="0" timestamp="9 Feb 2018 07:04:04 GMT" time="24.372" errors="0">
  <testcase name="SignIn" time="12.333" classname="extentTestcases.TestCase_03"/>
  <testcase name="Verify_HomePage" time="12.039" classname="extentTestcases.TestCase_03"/>
</testsuite> <!-- extentTestcases.TestCase_03 -->
