<?xml version="1.0" encoding="UTF-8"?>
<!-- Generated by org.testng.reporters.JUnitReportReporter -->
<testsuite skipped="0" hostname="D-113030090" name="testng_demo.Colorpicker" tests="1" failures="0" timestamp="01 Feb 2018 07:45:09 GMT" time="46.981" errors="0">
  <testcase name="color" time="46.981" classname="testng_demo.Colorpicker"/>
</testsuite> <!-- testng_demo.Colorpicker -->
