<?xml version="1.0" encoding="UTF-8"?>
<!-- Generated by org.testng.reporters.JUnitReportReporter -->
<testsuite skipped="0" hostname="D-113030090" name="testng_demo.Draganddrop" tests="1" failures="0" timestamp="01 Feb 2018 07:45:09 GMT" time="30.410" errors="0">
  <testcase name="draganddrop" time="30.410" classname="testng_demo.Draganddrop"/>
</testsuite> <!-- testng_demo.Draganddrop -->
