<?xml version="1.0" encoding="UTF-8"?>
<!-- Generated by org.testng.reporters.JUnitReportReporter -->
<testsuite hostname="D-113030090" name="aui.Draganddrop" tests="1" failures="0" timestamp="7 Feb 2018 07:40:15 GMT" time="15.071" errors="0">
  <testcase name="drag_and_Drop" time="15.071" classname="aui.Draganddrop"/>
</testsuite> <!-- aui.Draganddrop -->
