<?xml version="1.0" encoding="UTF-8"?>
<!-- Generated by org.testng.reporters.JUnitReportReporter -->
<testsuite skipped="0" hostname="D-113030090" name="readexcel.Writedatatoexcel" tests="1" failures="0" timestamp="05 Feb 2018 07:49:46 GMT" time="1.918" errors="0">
  <testcase name="readdata" time="1.918" classname="readexcel.Writedatatoexcel"/>
</testsuite> <!-- readexcel.Writedatatoexcel -->
