<?xml version="1.0" encoding="UTF-8"?>
<!-- Generated by org.testng.reporters.JUnitReportReporter -->
<testsuite skipped="0" hostname="D-113030090" name="grid.SeleniumGridChrome2" tests="1" failures="0" timestamp="06 Feb 2018 08:09:27 GMT" time="5.250" errors="0">
  <testcase name="simpleTest" time="5.250" classname="grid.SeleniumGridChrome2"/>
</testsuite> <!-- grid.SeleniumGridChrome2 -->
