<?xml version="1.0" encoding="UTF-8"?>
<!-- Generated by org.testng.reporters.JUnitReportReporter -->
<testsuite skipped="0" hostname="D-113030090" name="readexcel.ReadExceldemo2" tests="1" failures="0" timestamp="05 Feb 2018 07:02:05 GMT" time="0.754" errors="0">
  <testcase name="readdata" time="0.754" classname="readexcel.ReadExceldemo2"/>
</testsuite> <!-- readexcel.ReadExceldemo2 -->
