<?xml version="1.0" encoding="UTF-8"?>
<!-- Generated by org.testng.reporters.JUnitReportReporter -->
<testsuite skipped="0" hostname="D-113030090" name="grid.SeleniumGrid" tests="1" failures="0" timestamp="06 Feb 2018 07:07:24 GMT" time="2.183" errors="0">
  <testcase name="simpleTest" time="2.183" classname="grid.SeleniumGrid"/>
</testsuite> <!-- grid.SeleniumGrid -->
